<?xml version="1.0" encoding="UTF-8"?>
<testng-results ignored="0" total="31" passed="29" failed="2" skipped="0">
  <reporter-output>
  </reporter-output>
  <suite started-at="2022-11-07T01:10:38 IST" name="Suite" finished-at="2022-11-07T01:10:48 IST" duration-ms="9602">
    <groups>
    </groups>
    <test started-at="2022-11-07T01:10:38 IST" name="Test" finished-at="2022-11-07T01:10:48 IST" duration-ms="9602">
      <class name="com.reqres.testCases.TC02_Get_Single_User">
        <test-method is-config="true" signature="setUp()[pri:0, instance:com.reqres.testCases.TC02_Get_Single_User@738dc9b]" started-at="2022-11-07T01:10:47 IST" name="setUp" finished-at="2022-11-07T01:10:47 IST" duration-ms="9" status="PASS">
          <reporter-output>
          </reporter-output>
        </test-method> <!-- setUp -->
        <test-method is-config="true" signature="getSingleUser()[pri:0, instance:com.reqres.testCases.TC02_Get_Single_User@738dc9b]" started-at="2022-11-07T01:10:47 IST" name="getSingleUser" finished-at="2022-11-07T01:10:48 IST" duration-ms="172" status="PASS">
          <reporter-output>
          </reporter-output>
        </test-method> <!-- getSingleUser -->
        <test-method signature="checkContentEncoding()[pri:0, instance:com.reqres.testCases.TC02_Get_Single_User@738dc9b]" started-at="2022-11-07T01:10:48 IST" name="checkContentEncoding" finished-at="2022-11-07T01:10:48 IST" duration-ms="5" status="PASS">
          <reporter-output>
          </reporter-output>
        </test-method> <!-- checkContentEncoding -->
        <test-method signature="checkContentType()[pri:0, instance:com.reqres.testCases.TC02_Get_Single_User@738dc9b]" started-at="2022-11-07T01:10:48 IST" name="checkContentType" finished-at="2022-11-07T01:10:48 IST" duration-ms="4" status="PASS">
          <reporter-output>
          </reporter-output>
        </test-method> <!-- checkContentType -->
        <test-method signature="checkResponseBody()[pri:0, instance:com.reqres.testCases.TC02_Get_Single_User@738dc9b]" started-at="2022-11-07T01:10:48 IST" name="checkResponseBody" finished-at="2022-11-07T01:10:48 IST" duration-ms="6" status="PASS">
          <reporter-output>
          </reporter-output>
        </test-method> <!-- checkResponseBody -->
        <test-method signature="checkResponseTime()[pri:0, instance:com.reqres.testCases.TC02_Get_Single_User@738dc9b]" started-at="2022-11-07T01:10:48 IST" name="checkResponseTime" finished-at="2022-11-07T01:10:48 IST" duration-ms="9" status="PASS">
          <reporter-output>
          </reporter-output>
        </test-method> <!-- checkResponseTime -->
        <test-method signature="checkServer()[pri:0, instance:com.reqres.testCases.TC02_Get_Single_User@738dc9b]" started-at="2022-11-07T01:10:48 IST" name="checkServer" finished-at="2022-11-07T01:10:48 IST" duration-ms="4" status="PASS">
          <reporter-output>
          </reporter-output>
        </test-method> <!-- checkServer -->
        <test-method signature="checkStatusCode()[pri:0, instance:com.reqres.testCases.TC02_Get_Single_User@738dc9b]" started-at="2022-11-07T01:10:48 IST" name="checkStatusCode" finished-at="2022-11-07T01:10:48 IST" duration-ms="5" status="PASS">
          <reporter-output>
          </reporter-output>
        </test-method> <!-- checkStatusCode -->
        <test-method signature="checkStatusLine()[pri:0, instance:com.reqres.testCases.TC02_Get_Single_User@738dc9b]" started-at="2022-11-07T01:10:48 IST" name="checkStatusLine" finished-at="2022-11-07T01:10:48 IST" duration-ms="5" status="PASS">
          <reporter-output>
          </reporter-output>
        </test-method> <!-- checkStatusLine -->
        <test-method is-config="true" signature="tearDown()[pri:0, instance:com.reqres.testCases.TC02_Get_Single_User@738dc9b]" started-at="2022-11-07T01:10:48 IST" name="tearDown" finished-at="2022-11-07T01:10:48 IST" duration-ms="7" status="PASS">
          <reporter-output>
          </reporter-output>
        </test-method> <!-- tearDown -->
      </class> <!-- com.reqres.testCases.TC02_Get_Single_User -->
      <class name="com.reqres.testCases.TC04_Update_User_Record">
        <test-method is-config="true" signature="setUp()[pri:0, instance:com.reqres.testCases.TC04_Update_User_Record@1a6d8329]" started-at="2022-11-07T01:10:45 IST" name="setUp" finished-at="2022-11-07T01:10:45 IST" duration-ms="101" status="PASS">
          <reporter-output>
          </reporter-output>
        </test-method> <!-- setUp -->
        <test-method is-config="true" signature="updateUserRecord()[pri:0, instance:com.reqres.testCases.TC04_Update_User_Record@1a6d8329]" started-at="2022-11-07T01:10:45 IST" name="updateUserRecord" finished-at="2022-11-07T01:10:46 IST" duration-ms="693" status="PASS">
          <reporter-output>
          </reporter-output>
        </test-method> <!-- updateUserRecord -->
        <test-method signature="checkContentType()[pri:0, instance:com.reqres.testCases.TC04_Update_User_Record@1a6d8329]" started-at="2022-11-07T01:10:46 IST" name="checkContentType" finished-at="2022-11-07T01:10:46 IST" duration-ms="4" status="PASS">
          <reporter-output>
          </reporter-output>
        </test-method> <!-- checkContentType -->
        <test-method signature="checkResponseBody()[pri:0, instance:com.reqres.testCases.TC04_Update_User_Record@1a6d8329]" started-at="2022-11-07T01:10:46 IST" name="checkResponseBody" finished-at="2022-11-07T01:10:46 IST" duration-ms="5" status="PASS">
          <reporter-output>
          </reporter-output>
        </test-method> <!-- checkResponseBody -->
        <test-method signature="checkResponseTime()[pri:0, instance:com.reqres.testCases.TC04_Update_User_Record@1a6d8329]" started-at="2022-11-07T01:10:46 IST" name="checkResponseTime" finished-at="2022-11-07T01:10:46 IST" duration-ms="4" status="PASS">
          <reporter-output>
          </reporter-output>
        </test-method> <!-- checkResponseTime -->
        <test-method signature="checkServer()[pri:0, instance:com.reqres.testCases.TC04_Update_User_Record@1a6d8329]" started-at="2022-11-07T01:10:46 IST" name="checkServer" finished-at="2022-11-07T01:10:46 IST" duration-ms="3" status="PASS">
          <reporter-output>
          </reporter-output>
        </test-method> <!-- checkServer -->
        <test-method signature="checkStatusCode()[pri:0, instance:com.reqres.testCases.TC04_Update_User_Record@1a6d8329]" started-at="2022-11-07T01:10:46 IST" name="checkStatusCode" finished-at="2022-11-07T01:10:46 IST" duration-ms="7" status="PASS">
          <reporter-output>
          </reporter-output>
        </test-method> <!-- checkStatusCode -->
        <test-method signature="checkStatusLine()[pri:0, instance:com.reqres.testCases.TC04_Update_User_Record@1a6d8329]" started-at="2022-11-07T01:10:46 IST" name="checkStatusLine" finished-at="2022-11-07T01:10:46 IST" duration-ms="3" status="PASS">
          <reporter-output>
          </reporter-output>
        </test-method> <!-- checkStatusLine -->
        <test-method is-config="true" signature="tearDown()[pri:0, instance:com.reqres.testCases.TC04_Update_User_Record@1a6d8329]" started-at="2022-11-07T01:10:46 IST" name="tearDown" finished-at="2022-11-07T01:10:46 IST" duration-ms="2" status="PASS">
          <reporter-output>
          </reporter-output>
        </test-method> <!-- tearDown -->
      </class> <!-- com.reqres.testCases.TC04_Update_User_Record -->
      <class name="com.reqres.testCases.TC03_Create_User">
        <test-method is-config="true" signature="setUp()[pri:0, instance:com.reqres.testCases.TC03_Create_User@55a147cc]" started-at="2022-11-07T01:10:47 IST" name="setUp" finished-at="2022-11-07T01:10:47 IST" duration-ms="9" status="PASS">
          <reporter-output>
          </reporter-output>
        </test-method> <!-- setUp -->
        <test-method is-config="true" signature="createUser()[pri:0, instance:com.reqres.testCases.TC03_Create_User@55a147cc]" started-at="2022-11-07T01:10:47 IST" name="createUser" finished-at="2022-11-07T01:10:47 IST" duration-ms="621" status="PASS">
          <reporter-output>
          </reporter-output>
        </test-method> <!-- createUser -->
        <test-method signature="checkContentType()[pri:0, instance:com.reqres.testCases.TC03_Create_User@55a147cc]" started-at="2022-11-07T01:10:47 IST" name="checkContentType" finished-at="2022-11-07T01:10:47 IST" duration-ms="6" status="PASS">
          <reporter-output>
          </reporter-output>
        </test-method> <!-- checkContentType -->
        <test-method signature="checkResponseBody()[pri:0, instance:com.reqres.testCases.TC03_Create_User@55a147cc]" started-at="2022-11-07T01:10:47 IST" name="checkResponseBody" finished-at="2022-11-07T01:10:47 IST" duration-ms="5" status="PASS">
          <reporter-output>
          </reporter-output>
        </test-method> <!-- checkResponseBody -->
        <test-method signature="checkResponseTime()[pri:0, instance:com.reqres.testCases.TC03_Create_User@55a147cc]" started-at="2022-11-07T01:10:47 IST" name="checkResponseTime" finished-at="2022-11-07T01:10:47 IST" duration-ms="4" status="PASS">
          <reporter-output>
          </reporter-output>
        </test-method> <!-- checkResponseTime -->
        <test-method signature="checkServer()[pri:0, instance:com.reqres.testCases.TC03_Create_User@55a147cc]" started-at="2022-11-07T01:10:47 IST" name="checkServer" finished-at="2022-11-07T01:10:47 IST" duration-ms="3" status="PASS">
          <reporter-output>
          </reporter-output>
        </test-method> <!-- checkServer -->
        <test-method signature="checkStatusCode()[pri:0, instance:com.reqres.testCases.TC03_Create_User@55a147cc]" started-at="2022-11-07T01:10:47 IST" name="checkStatusCode" finished-at="2022-11-07T01:10:47 IST" duration-ms="5" status="FAIL">
          <exception class="java.lang.AssertionError">
            <message>
              <![CDATA[Status Check Failed! expected [200] but found [201]]]>
            </message>
            <full-stacktrace>
              <![CDATA[java.lang.AssertionError: Status Check Failed! expected [200] but found [201]
at org.testng.Assert.fail(Assert.java:110)
at org.testng.Assert.failNotEquals(Assert.java:1413)
at org.testng.Assert.assertEqualsImpl(Assert.java:149)
at org.testng.Assert.assertEquals(Assert.java:131)
at org.testng.Assert.assertEquals(Assert.java:1240)
at com.reqres.utilities.RestUtils.checkStatusIs200(RestUtils.java:22)
at com.reqres.testCases.TC03_Create_User.checkStatusCode(TC03_Create_User.java:55)
at java.base/jdk.internal.reflect.NativeMethodAccessorImpl.invoke0(Native Method)
at java.base/jdk.internal.reflect.NativeMethodAccessorImpl.invoke(NativeMethodAccessorImpl.java:77)
at java.base/jdk.internal.reflect.DelegatingMethodAccessorImpl.invoke(DelegatingMethodAccessorImpl.java:43)
at java.base/java.lang.reflect.Method.invoke(Method.java:568)
at org.testng.internal.invokers.MethodInvocationHelper.invokeMethod(MethodInvocationHelper.java:139)
at org.testng.internal.invokers.TestInvoker.invokeMethod(TestInvoker.java:677)
at org.testng.internal.invokers.TestInvoker.invokeTestMethod(TestInvoker.java:221)
at org.testng.internal.invokers.MethodRunner.runInSequence(MethodRunner.java:50)
at org.testng.internal.invokers.TestInvoker$MethodInvocationAgent.invoke(TestInvoker.java:962)
at org.testng.internal.invokers.TestInvoker.invokeTestMethods(TestInvoker.java:194)
at org.testng.internal.invokers.TestMethodWorker.invokeTestMethods(TestMethodWorker.java:148)
at org.testng.internal.invokers.TestMethodWorker.run(TestMethodWorker.java:128)
at java.base/java.util.ArrayList.forEach(ArrayList.java:1511)
at org.testng.TestRunner.privateRun(TestRunner.java:806)
at org.testng.TestRunner.run(TestRunner.java:601)
at org.testng.SuiteRunner.runTest(SuiteRunner.java:433)
at org.testng.SuiteRunner.runSequentially(SuiteRunner.java:427)
at org.testng.SuiteRunner.privateRun(SuiteRunner.java:387)
at org.testng.SuiteRunner.run(SuiteRunner.java:330)
at org.testng.SuiteRunnerWorker.runSuite(SuiteRunnerWorker.java:52)
at org.testng.SuiteRunnerWorker.run(SuiteRunnerWorker.java:95)
at org.testng.TestNG.runSuitesSequentially(TestNG.java:1256)
at org.testng.TestNG.runSuitesLocally(TestNG.java:1176)
at org.testng.TestNG.runSuites(TestNG.java:1099)
at org.testng.TestNG.run(TestNG.java:1067)
at org.testng.remote.AbstractRemoteTestNG.run(AbstractRemoteTestNG.java:115)
at org.testng.remote.RemoteTestNG.initAndRun(RemoteTestNG.java:251)
at org.testng.remote.RemoteTestNG.main(RemoteTestNG.java:77)
]]>
            </full-stacktrace>
          </exception> <!-- java.lang.AssertionError -->
          <reporter-output>
          </reporter-output>
        </test-method> <!-- checkStatusCode -->
        <test-method signature="checkStatusLine()[pri:0, instance:com.reqres.testCases.TC03_Create_User@55a147cc]" started-at="2022-11-07T01:10:47 IST" name="checkStatusLine" finished-at="2022-11-07T01:10:47 IST" duration-ms="3" status="PASS">
          <reporter-output>
          </reporter-output>
        </test-method> <!-- checkStatusLine -->
        <test-method is-config="true" signature="tearDown()[pri:0, instance:com.reqres.testCases.TC03_Create_User@55a147cc]" started-at="2022-11-07T01:10:47 IST" name="tearDown" finished-at="2022-11-07T01:10:47 IST" duration-ms="2" status="PASS">
          <reporter-output>
          </reporter-output>
        </test-method> <!-- tearDown -->
      </class> <!-- com.reqres.testCases.TC03_Create_User -->
      <class name="com.reqres.testCases.TC01_Get_User">
        <test-method is-config="true" signature="setUp()[pri:0, instance:com.reqres.testCases.TC01_Get_User@1ffaf86]" started-at="2022-11-07T01:10:39 IST" name="setUp" finished-at="2022-11-07T01:10:39 IST" duration-ms="157" status="PASS">
          <reporter-output>
          </reporter-output>
        </test-method> <!-- setUp -->
        <test-method is-config="true" signature="getAllUser()[pri:0, instance:com.reqres.testCases.TC01_Get_User@1ffaf86]" started-at="2022-11-07T01:10:39 IST" name="getAllUser" finished-at="2022-11-07T01:10:45 IST" duration-ms="5066" status="PASS">
          <reporter-output>
          </reporter-output>
        </test-method> <!-- getAllUser -->
        <test-method signature="checkContentEncoding()[pri:0, instance:com.reqres.testCases.TC01_Get_User@1ffaf86]" started-at="2022-11-07T01:10:45 IST" name="checkContentEncoding" finished-at="2022-11-07T01:10:45 IST" duration-ms="24" status="PASS">
          <reporter-output>
          </reporter-output>
        </test-method> <!-- checkContentEncoding -->
        <test-method signature="checkContentType()[pri:0, instance:com.reqres.testCases.TC01_Get_User@1ffaf86]" started-at="2022-11-07T01:10:45 IST" name="checkContentType" finished-at="2022-11-07T01:10:45 IST" duration-ms="22" status="PASS">
          <reporter-output>
          </reporter-output>
        </test-method> <!-- checkContentType -->
        <test-method signature="checkResponseBody()[pri:0, instance:com.reqres.testCases.TC01_Get_User@1ffaf86]" started-at="2022-11-07T01:10:45 IST" name="checkResponseBody" finished-at="2022-11-07T01:10:45 IST" duration-ms="175" status="PASS">
          <reporter-output>
          </reporter-output>
        </test-method> <!-- checkResponseBody -->
        <test-method signature="checkResponseTime()[pri:0, instance:com.reqres.testCases.TC01_Get_User@1ffaf86]" started-at="2022-11-07T01:10:45 IST" name="checkResponseTime" finished-at="2022-11-07T01:10:45 IST" duration-ms="12" status="PASS">
          <reporter-output>
          </reporter-output>
        </test-method> <!-- checkResponseTime -->
        <test-method signature="checkServer()[pri:0, instance:com.reqres.testCases.TC01_Get_User@1ffaf86]" started-at="2022-11-07T01:10:45 IST" name="checkServer" finished-at="2022-11-07T01:10:45 IST" duration-ms="4" status="PASS">
          <reporter-output>
          </reporter-output>
        </test-method> <!-- checkServer -->
        <test-method signature="checkStatusCode()[pri:0, instance:com.reqres.testCases.TC01_Get_User@1ffaf86]" started-at="2022-11-07T01:10:45 IST" name="checkStatusCode" finished-at="2022-11-07T01:10:45 IST" duration-ms="9" status="PASS">
          <reporter-output>
          </reporter-output>
        </test-method> <!-- checkStatusCode -->
        <test-method signature="checkStatusLine()[pri:0, instance:com.reqres.testCases.TC01_Get_User@1ffaf86]" started-at="2022-11-07T01:10:45 IST" name="checkStatusLine" finished-at="2022-11-07T01:10:45 IST" duration-ms="5" status="PASS">
          <reporter-output>
          </reporter-output>
        </test-method> <!-- checkStatusLine -->
        <test-method is-config="true" signature="tearDown()[pri:0, instance:com.reqres.testCases.TC01_Get_User@1ffaf86]" started-at="2022-11-07T01:10:45 IST" name="tearDown" finished-at="2022-11-07T01:10:45 IST" duration-ms="4" status="PASS">
          <reporter-output>
          </reporter-output>
        </test-method> <!-- tearDown -->
      </class> <!-- com.reqres.testCases.TC01_Get_User -->
      <class name="com.reqres.testCases.TC05_Delete_User_Record">
        <test-method is-config="true" signature="setUp()[pri:0, instance:com.reqres.testCases.TC05_Delete_User_Record@1a942c18]" started-at="2022-11-07T01:10:46 IST" name="setUp" finished-at="2022-11-07T01:10:46 IST" duration-ms="6" status="PASS">
          <reporter-output>
          </reporter-output>
        </test-method> <!-- setUp -->
        <test-method is-config="true" signature="deleteUserRecord()[pri:0, instance:com.reqres.testCases.TC05_Delete_User_Record@1a942c18]" started-at="2022-11-07T01:10:46 IST" name="deleteUserRecord" finished-at="2022-11-07T01:10:47 IST" duration-ms="845" status="PASS">
          <reporter-output>
          </reporter-output>
        </test-method> <!-- deleteUserRecord -->
        <test-method signature="checkResponseBody()[pri:0, instance:com.reqres.testCases.TC05_Delete_User_Record@1a942c18]" started-at="2022-11-07T01:10:47 IST" name="checkResponseBody" finished-at="2022-11-07T01:10:47 IST" duration-ms="4" status="PASS">
          <reporter-output>
          </reporter-output>
        </test-method> <!-- checkResponseBody -->
        <test-method signature="checkResponseTime()[pri:0, instance:com.reqres.testCases.TC05_Delete_User_Record@1a942c18]" started-at="2022-11-07T01:10:47 IST" name="checkResponseTime" finished-at="2022-11-07T01:10:47 IST" duration-ms="3" status="PASS">
          <reporter-output>
          </reporter-output>
        </test-method> <!-- checkResponseTime -->
        <test-method signature="checkServer()[pri:0, instance:com.reqres.testCases.TC05_Delete_User_Record@1a942c18]" started-at="2022-11-07T01:10:47 IST" name="checkServer" finished-at="2022-11-07T01:10:47 IST" duration-ms="4" status="PASS">
          <reporter-output>
          </reporter-output>
        </test-method> <!-- checkServer -->
        <test-method signature="checkStatusCode()[pri:0, instance:com.reqres.testCases.TC05_Delete_User_Record@1a942c18]" started-at="2022-11-07T01:10:47 IST" name="checkStatusCode" finished-at="2022-11-07T01:10:47 IST" duration-ms="37" status="FAIL">
          <exception class="java.lang.AssertionError">
            <message>
              <![CDATA[Status Check Failed! expected [200] but found [204]]]>
            </message>
            <full-stacktrace>
              <![CDATA[java.lang.AssertionError: Status Check Failed! expected [200] but found [204]
at org.testng.Assert.fail(Assert.java:110)
at org.testng.Assert.failNotEquals(Assert.java:1413)
at org.testng.Assert.assertEqualsImpl(Assert.java:149)
at org.testng.Assert.assertEquals(Assert.java:131)
at org.testng.Assert.assertEquals(Assert.java:1240)
at com.reqres.utilities.RestUtils.checkStatusIs200(RestUtils.java:22)
at com.reqres.testCases.TC05_Delete_User_Record.checkStatusCode(TC05_Delete_User_Record.java:37)
at java.base/jdk.internal.reflect.NativeMethodAccessorImpl.invoke0(Native Method)
at java.base/jdk.internal.reflect.NativeMethodAccessorImpl.invoke(NativeMethodAccessorImpl.java:77)
at java.base/jdk.internal.reflect.DelegatingMethodAccessorImpl.invoke(DelegatingMethodAccessorImpl.java:43)
at java.base/java.lang.reflect.Method.invoke(Method.java:568)
at org.testng.internal.invokers.MethodInvocationHelper.invokeMethod(MethodInvocationHelper.java:139)
at org.testng.internal.invokers.TestInvoker.invokeMethod(TestInvoker.java:677)
at org.testng.internal.invokers.TestInvoker.invokeTestMethod(TestInvoker.java:221)
at org.testng.internal.invokers.MethodRunner.runInSequence(MethodRunner.java:50)
at org.testng.internal.invokers.TestInvoker$MethodInvocationAgent.invoke(TestInvoker.java:962)
at org.testng.internal.invokers.TestInvoker.invokeTestMethods(TestInvoker.java:194)
at org.testng.internal.invokers.TestMethodWorker.invokeTestMethods(TestMethodWorker.java:148)
at org.testng.internal.invokers.TestMethodWorker.run(TestMethodWorker.java:128)
at java.base/java.util.ArrayList.forEach(ArrayList.java:1511)
at org.testng.TestRunner.privateRun(TestRunner.java:806)
at org.testng.TestRunner.run(TestRunner.java:601)
at org.testng.SuiteRunner.runTest(SuiteRunner.java:433)
at org.testng.SuiteRunner.runSequentially(SuiteRunner.java:427)
at org.testng.SuiteRunner.privateRun(SuiteRunner.java:387)
at org.testng.SuiteRunner.run(SuiteRunner.java:330)
at org.testng.SuiteRunnerWorker.runSuite(SuiteRunnerWorker.java:52)
at org.testng.SuiteRunnerWorker.run(SuiteRunnerWorker.java:95)
at org.testng.TestNG.runSuitesSequentially(TestNG.java:1256)
at org.testng.TestNG.runSuitesLocally(TestNG.java:1176)
at org.testng.TestNG.runSuites(TestNG.java:1099)
at org.testng.TestNG.run(TestNG.java:1067)
at org.testng.remote.AbstractRemoteTestNG.run(AbstractRemoteTestNG.java:115)
at org.testng.remote.RemoteTestNG.initAndRun(RemoteTestNG.java:251)
at org.testng.remote.RemoteTestNG.main(RemoteTestNG.java:77)
]]>
            </full-stacktrace>
          </exception> <!-- java.lang.AssertionError -->
          <reporter-output>
          </reporter-output>
        </test-method> <!-- checkStatusCode -->
        <test-method signature="checkStatusLine()[pri:0, instance:com.reqres.testCases.TC05_Delete_User_Record@1a942c18]" started-at="2022-11-07T01:10:47 IST" name="checkStatusLine" finished-at="2022-11-07T01:10:47 IST" duration-ms="6" status="PASS">
          <reporter-output>
          </reporter-output>
        </test-method> <!-- checkStatusLine -->
        <test-method is-config="true" signature="tearDown()[pri:0, instance:com.reqres.testCases.TC05_Delete_User_Record@1a942c18]" started-at="2022-11-07T01:10:47 IST" name="tearDown" finished-at="2022-11-07T01:10:47 IST" duration-ms="2" status="PASS">
          <reporter-output>
          </reporter-output>
        </test-method> <!-- tearDown -->
      </class> <!-- com.reqres.testCases.TC05_Delete_User_Record -->
    </test> <!-- Test -->
  </suite> <!-- Suite -->
</testng-results>
