<?xml version="1.0" encoding="UTF-8"?>
<!-- Generated by org.testng.reporters.JUnitXMLReporter -->
<testsuite hostname="KiLLeR-PC" ignored="0" name="Default test" tests="3" failures="1" timestamp="05 Mar 2022 09:09:19 GMT" time="68.017" errors="0">
  <testcase name="runScenario" time="20.69" classname="io.cucumber.testng.AbstractTestNGCucumberTests"/>
  <testcase name="runScenario" time="15.957" classname="io.cucumber.testng.AbstractTestNGCucumberTests"/>
  <testcase name="runScenario" time="13.79" classname="io.cucumber.testng.AbstractTestNGCucumberTests">
    <failure type="java.lang.AssertionError">
      <![CDATA[java.lang.AssertionError
	at org.junit.Assert.fail(Assert.java:86)
	at org.junit.Assert.assertTrue(Assert.java:41)
	at org.junit.Assert.assertTrue(Assert.java:52)
	at stepDefinitions.LoginStepDef.home_Page_title_should_be(LoginStepDef.java:49)
	at âœ½.Page title should be "actiTIME -  Enter Time-Track123"(file:///G:/TestF/FrameworkActitimeEx1/src/test/resources/org/features/LoginPage.feature:17)
]]>
    </failure>
  </testcase> <!-- runScenario -->
</testsuite> <!-- Default test -->
