<?xml version="1.0" encoding="UTF-8"?>
<!-- Generated by org.testng.reporters.JUnitXMLReporter -->
<testsuite hostname="DESKTOP-H0057HT" ignored="0" name="Test" tests="4" failures="0" timestamp="2022-07-03T17:09:20 IST" time="4.531" errors="0">
  <testcase name="@BeforeTest initiReqData" time="4.448" classname="org.testNgPractice.AmzonTrackOrder">
    <failure type="org.openqa.selenium.SessionNotCreatedException" message="Could not start a new session. Response code 500. Message: session not created: This version of ChromeDriver only supports Chrome version 101
Current browser version is 103.0.5060.66 with binary path C:\Program Files\Google\Chrome\Application\chrome.exe
Build info: version: &amp;apos;4.1.4&amp;apos;, revision: &amp;apos;535d840ee2&amp;apos;
System info: host: &amp;apos;DESKTOP-H0057HT&amp;apos;, ip: &amp;apos;192.168.79.14&amp;apos;, os.name: &amp;apos;Windows 10&amp;apos;, os.arch: &amp;apos;amd64&amp;apos;, os.version: &amp;apos;10.0&amp;apos;, java.version: &amp;apos;1.8.0_321&amp;apos;
Driver info: org.openqa.selenium.chrome.ChromeDriver
Command: [null, newSession {capabilities=[Capabilities {browserName: chrome, goog:chromeOptions: {args: [], extensions: []}}], desiredCapabilities=Capabilities {browserName: chrome, goog:chromeOptions: {args: [], extensions: []}}}]">
      <![CDATA[org.openqa.selenium.SessionNotCreatedException: Could not start a new session. Response code 500. Message: session not created: This version of ChromeDriver only supports Chrome version 101
Current browser version is 103.0.5060.66 with binary path C:\Program Files\Google\Chrome\Application\chrome.exe
Build info: version: '4.1.4', revision: '535d840ee2'
System info: host: 'DESKTOP-H0057HT', ip: '192.168.79.14', os.name: 'Windows 10', os.arch: 'amd64', os.version: '10.0', java.version: '1.8.0_321'
Driver info: org.openqa.selenium.chrome.ChromeDriver
Command: [null, newSession {capabilities=[Capabilities {browserName: chrome, goog:chromeOptions: {args: [], extensions: []}}], desiredCapabilities=Capabilities {browserName: chrome, goog:chromeOptions: {args: [], extensions: []}}}]
at org.openqa.selenium.remote.ProtocolHandshake.createSession(ProtocolHandshake.java:126)
at org.openqa.selenium.remote.ProtocolHandshake.createSession(ProtocolHandshake.java:84)
at org.openqa.selenium.remote.ProtocolHandshake.createSession(ProtocolHandshake.java:62)
at org.openqa.selenium.remote.HttpCommandExecutor.execute(HttpCommandExecutor.java:156)
at org.openqa.selenium.remote.service.DriverCommandExecutor.invokeExecute(DriverCommandExecutor.java:167)
at org.openqa.selenium.remote.service.DriverCommandExecutor.execute(DriverCommandExecutor.java:142)
at org.openqa.selenium.remote.RemoteWebDriver.execute(RemoteWebDriver.java:567)
at org.openqa.selenium.remote.RemoteWebDriver.startSession(RemoteWebDriver.java:248)
at org.openqa.selenium.remote.RemoteWebDriver.<init>(RemoteWebDriver.java:164)
at org.openqa.selenium.chromium.ChromiumDriver.<init>(ChromiumDriver.java:108)
at org.openqa.selenium.chrome.ChromeDriver.<init>(ChromeDriver.java:106)
at org.openqa.selenium.chrome.ChromeDriver.<init>(ChromeDriver.java:93)
at org.openqa.selenium.chrome.ChromeDriver.<init>(ChromeDriver.java:48)
at org.utilities.BaseUtilityUpdated.startup(BaseUtilityUpdated.java:46)
at org.testNgPractice.AmzonTrackOrder.initiReqData(AmzonTrackOrder.java:27)
... Removed 28 stack frames]]>
    </failure>
  </testcase> <!-- @BeforeTest initiReqData -->
  <testcase name="@BeforeTest initiReqData" time="0.0" classname="org.testNgPractice.FlipkartAddToCart">
    <skipped/>
  </testcase> <!-- @BeforeTest initiReqData -->
  <testcase name="@BeforeTest browserdtail" time="0.0" classname="org.testNgPractice.ZomatoDropDown">
    <skipped/>
  </testcase> <!-- @BeforeTest browserdtail -->
  <testcase name="@BeforeMethod amazonLogin" time="0.0" classname="org.testNgPractice.AmzonTrackOrder">
    <skipped/>
  </testcase> <!-- @BeforeMethod amazonLogin -->
  <testcase name="@AfterMethod amazonLogout" time="0.0" classname="org.testNgPractice.AmzonTrackOrder">
    <skipped/>
  </testcase> <!-- @AfterMethod amazonLogout -->
  <testcase name="@BeforeMethod loginFlipkart" time="0.0" classname="org.testNgPractice.FlipkartAddToCart">
    <skipped/>
  </testcase> <!-- @BeforeMethod loginFlipkart -->
  <testcase name="@AfterMethod flipkartLogout" time="0.0" classname="org.testNgPractice.FlipkartAddToCart">
    <skipped/>
  </testcase> <!-- @AfterMethod flipkartLogout -->
  <testcase name="@AfterTest amazon" time="0.0" classname="org.testNgPractice.AmzonTrackOrder">
    <skipped/>
  </testcase> <!-- @AfterTest amazon -->
  <testcase name="@AfterTest closeDriver" time="0.0" classname="org.testNgPractice.FlipkartAddToCart">
    <skipped/>
  </testcase> <!-- @AfterTest closeDriver -->
  <testcase name="@AfterTest closeDriver" time="0.0" classname="org.testNgPractice.ZomatoDropDown">
    <skipped/>
  </testcase> <!-- @AfterTest closeDriver -->
  <testcase name="trackOrder" time="0.0" classname="org.testNgPractice.AmzonTrackOrder">
    <skipped/>
  </testcase> <!-- trackOrder -->
  <testcase name="addItemsToCart" time="0.0" classname="org.testNgPractice.FlipkartAddToCart">
    <skipped/>
  </testcase> <!-- addItemsToCart -->
  <testcase name="searchMenu" time="0.0" classname="org.testNgPractice.ZomatoDropDown">
    <skipped/>
  </testcase> <!-- searchMenu -->
  <testcase name="trial" time="0.0" classname="org.testNgPractice.ZomatoDropDown">
    <skipped/>
  </testcase> <!-- trial -->
</testsuite> <!-- Test -->
